<?xml version="1.0" encoding="UTF-8"?>
<!-- Generated by org.testng.reporters.JUnitReportReporter -->
<testsuite skipped="0" hostname="VDUDDUKU-L470" name="Test01_Get" tests="2" failures="0" timestamp="2020-05-30T20:34:09 IST" time="3.526" errors="0">
  <testcase name="Test_02" time="1.079" classname="Test01_Get"/>
  <system-out/>
  <testcase name="Test_01" time="2.447" classname="Test01_Get"/>
  <system-out/>
</testsuite> <!-- Test01_Get -->
