<?xml version="1.0" encoding="UTF-8"?>
<!-- Generated by org.testng.reporters.JUnitReportReporter -->
<testsuite skipped="0" hostname="VDUDDUKU-L470" name="Tests_Posts" tests="1" failures="0" timestamp="2020-05-31T16:22:30 IST" time="2.639" errors="0">
  <testcase name="test_03_delete" time="2.639" classname="Tests_Posts"/>
  <system-out/>
</testsuite> <!-- Tests_Posts -->
