<?xml version="1.0" encoding="UTF-8"?>
<!-- Generated by org.testng.reporters.JUnitReportReporter -->
<testsuite skipped="0" hostname="VDUDDUKU-L470" name="Examples" tests="1" failures="0" timestamp="2020-06-01T19:14:56 IST" time="2.173" errors="0">
  <testcase name="test_get" time="2.173" classname="Examples"/>
  <system-out/>
</testsuite> <!-- Examples -->
