<?xml version="1.0" encoding="UTF-8"?>
<!-- Generated by org.testng.reporters.JUnitReportReporter -->
<testsuite skipped="0" hostname="VDUDDUKU-L470" name="Test02_Get" tests="1" failures="0" timestamp="2020-05-31T11:16:20 IST" time="8.442" errors="0">
  <testcase name="Test_02" time="8.442" classname="Test02_Get"/>
  <system-out/>
</testsuite> <!-- Test02_Get -->
